<?xml version="1.0" encoding="UTF-8"?>
<!-- Generated by org.testng.reporters.JUnitXMLReporter -->
<testsuite ignored="0" hostname="DESKTOP-K3KU082" failures="1" tests="1" name="Test" time="3.095" errors="0" timestamp="23 Jan 2021 06:49:13 GMT">
  <testcase classname="Smoke.login" name="TC01" time="2.407">
    <failure type="org.openqa.selenium.SessionNotCreatedException" message="session not created: This version of ChromeDriver only supports Chrome version 83
Build info: version: &amp;apos;3.141.59&amp;apos;, revision: &amp;apos;e82be7d358&amp;apos;, time: &amp;apos;2018-11-14T08:17:03&amp;apos;
System info: host: &amp;apos;DESKTOP-K3KU082&amp;apos;, ip: &amp;apos;192.168.1.199&amp;apos;, os.name: &amp;apos;Windows 10&amp;apos;, os.arch: &amp;apos;amd64&amp;apos;, os.version: &amp;apos;10.0&amp;apos;, java.version: &amp;apos;14.0.1&amp;apos;
Driver info: driver.version: ChromeDriver
remote stacktrace: Backtrace:
	Ordinal0 [0x007D9563+2725219]
	Ordinal0 [0x006D8551+1672529]
	Ordinal0 [0x005C0359+525145]
	Ordinal0 [0x00550B77+68471]
	Ordinal0 [0x0054D32C+54060]
	Ordinal0 [0x0056CC37+183351]
	Ordinal0 [0x0056CA3D+182845]
	Ordinal0 [0x0056A94B+174411]
	Ordinal0 [0x00552528+75048]
	Ordinal0 [0x005535A0+79264]
	Ordinal0 [0x00553539+79161]
	Ordinal0 [0x006ED607+1758727]
	GetHandleVerifier [0x008F6546+1050150]
	GetHandleVerifier [0x008F6291+1049457]
	GetHandleVerifier [0x009010D7+1094071]
	GetHandleVerifier [0x008F6B46+1051686]
	Ordinal0 [0x006E5B06+1727238]
	Ordinal0 [0x006EEB7B+1764219]
	Ordinal0 [0x006EECE3+1764579]
	Ordinal0 [0x00704C05+1854469]
	BaseThreadInitThunk [0x76C56359+25]
	RtlGetAppContainerNamedObjectPath [0x77B88944+228]
	RtlGetAppContainerNamedObjectPath [0x77B88914+180]
">
      <![CDATA[org.openqa.selenium.SessionNotCreatedException: session not created: This version of ChromeDriver only supports Chrome version 83
Build info: version: '3.141.59', revision: 'e82be7d358', time: '2018-11-14T08:17:03'
System info: host: 'DESKTOP-K3KU082', ip: '192.168.1.199', os.name: 'Windows 10', os.arch: 'amd64', os.version: '10.0', java.version: '14.0.1'
Driver info: driver.version: ChromeDriver
remote stacktrace: Backtrace:
Ordinal0 [0x007D9563+2725219]
Ordinal0 [0x006D8551+1672529]
Ordinal0 [0x005C0359+525145]
Ordinal0 [0x00550B77+68471]
Ordinal0 [0x0054D32C+54060]
Ordinal0 [0x0056CC37+183351]
Ordinal0 [0x0056CA3D+182845]
Ordinal0 [0x0056A94B+174411]
Ordinal0 [0x00552528+75048]
Ordinal0 [0x005535A0+79264]
Ordinal0 [0x00553539+79161]
Ordinal0 [0x006ED607+1758727]
GetHandleVerifier [0x008F6546+1050150]
GetHandleVerifier [0x008F6291+1049457]
GetHandleVerifier [0x009010D7+1094071]
GetHandleVerifier [0x008F6B46+1051686]
Ordinal0 [0x006E5B06+1727238]
Ordinal0 [0x006EEB7B+1764219]
Ordinal0 [0x006EECE3+1764579]
Ordinal0 [0x00704C05+1854469]
BaseThreadInitThunk [0x76C56359+25]
RtlGetAppContainerNamedObjectPath [0x77B88944+228]
RtlGetAppContainerNamedObjectPath [0x77B88914+180]

at org.openqa.selenium.remote.W3CHandshakeResponse.lambda$errorHandler$0(W3CHandshakeResponse.java:62)
at org.openqa.selenium.remote.HandshakeResponse.lambda$getResponseFunction$0(HandshakeResponse.java:30)
at org.openqa.selenium.remote.ProtocolHandshake.lambda$createSession$0(ProtocolHandshake.java:126)
at java.base/java.util.stream.ReferencePipeline$3$1.accept(ReferencePipeline.java:195)
at java.base/java.util.Spliterators$ArraySpliterator.tryAdvance(Spliterators.java:958)
at java.base/java.util.stream.ReferencePipeline.forEachWithCancel(ReferencePipeline.java:127)
at java.base/java.util.stream.AbstractPipeline.copyIntoWithCancel(AbstractPipeline.java:502)
at java.base/java.util.stream.AbstractPipeline.copyInto(AbstractPipeline.java:488)
at java.base/java.util.stream.AbstractPipeline.wrapAndCopyInto(AbstractPipeline.java:474)
at java.base/java.util.stream.FindOps$FindOp.evaluateSequential(FindOps.java:150)
at java.base/java.util.stream.AbstractPipeline.evaluate(AbstractPipeline.java:234)
at java.base/java.util.stream.ReferencePipeline.findFirst(ReferencePipeline.java:543)
at org.openqa.selenium.remote.ProtocolHandshake.createSession(ProtocolHandshake.java:128)
at org.openqa.selenium.remote.ProtocolHandshake.createSession(ProtocolHandshake.java:74)
at org.openqa.selenium.remote.HttpCommandExecutor.execute(HttpCommandExecutor.java:136)
at org.openqa.selenium.remote.service.DriverCommandExecutor.execute(DriverCommandExecutor.java:83)
at org.openqa.selenium.remote.RemoteWebDriver.execute(RemoteWebDriver.java:552)
at org.openqa.selenium.remote.RemoteWebDriver.startSession(RemoteWebDriver.java:213)
at org.openqa.selenium.remote.RemoteWebDriver.<init>(RemoteWebDriver.java:131)
at org.openqa.selenium.chrome.ChromeDriver.<init>(ChromeDriver.java:181)
at org.openqa.selenium.chrome.ChromeDriver.<init>(ChromeDriver.java:168)
at org.openqa.selenium.chrome.ChromeDriver.<init>(ChromeDriver.java:123)
at factory.BrowserFactory.getBrowser(BrowserFactory.java:19)
at factory.ElementFactory.getElement(ElementFactory.java:16)
at factory.ElementFactory.setData(ElementFactory.java:24)
at Pages.LoginPage.setUserName(LoginPage.java:18)
at Smoke.login.TC01(login.java:35)
... Removed 30 stack frames]]>
    </failure>
  </testcase> <!-- TC01 -->
</testsuite> <!-- Test -->
